08:47:57.606 [FXGL Launcher Thread     ] DEBUG FXGL                 - FXGL logger initialized
08:47:57.609 [FXGL Launcher Thread     ] DEBUG FXGL                 - Service <<AudioPlayer>> initialized
08:47:57.610 [FXGL Launcher Thread     ] DEBUG FXGLAssetLoader      - Asset cacheSize=35
08:47:57.610 [FXGL Launcher Thread     ] DEBUG FXGL                 - Service <<AssetLoader>> initialized
08:47:57.611 [FXGL Launcher Thread     ] DEBUG FXGL                 - Service <<EventBus>> initialized
08:47:57.614 [FXGL Launcher Thread     ] DEBUG FXGLAssetLoader      - Loading from disk: /assets/ui/cursors/fxgl_default.png
08:47:57.632 [FXGL Launcher Thread     ] DEBUG FXGLAssetLoader      - Loading from disk: /assets/sounds/core/notification.wav
08:47:57.663 [FXGL Launcher Thread     ] DEBUG FXGLAssetLoader      - Loading from disk: /assets/sounds/menu/select.wav
08:47:57.665 [FXGL Launcher Thread     ] DEBUG FXGLAssetLoader      - Loading from disk: /assets/sounds/menu/back.wav
08:47:57.666 [FXGL Launcher Thread     ] DEBUG FXGLAssetLoader      - Loading from disk: /assets/sounds/menu/press.wav
08:47:57.667 [FXGL Launcher Thread     ] DEBUG FXGLAssetLoader      - Loading from disk: /assets/ui/fonts/Copperplate_Gothic_Light_Regular.ttf
08:47:57.871 [FXGL Launcher Thread     ] DEBUG FXGLAssetLoader      - Loading from disk: /assets/ui/fonts/lucida_console.ttf
08:47:57.876 [FXGL Launcher Thread     ] DEBUG FXGLAssetLoader      - Loading from disk: /assets/ui/css/fxgl_dark.css
08:47:57.876 [FXGL Launcher Thread     ] DEBUG FXGLAssetLoader      - Loading from disk: /assets/ui/icons/fxgl_icon.png
08:47:57.896 [FXGL Launcher Thread     ] DEBUG FXGLDisplay          - Using CSS: CSS(externalForm=jar:file:/C:/Users/oumta/Downloads/Shmup-20220925T201736Z-001/Shmup/lib/fxgl-0.3.6-uber.jar!/assets/ui/css/fxgl_dark.css)
08:47:57.897 [FXGL Launcher Thread     ] DEBUG FXGL                 - Service <<Display>> initialized
08:47:57.910 [FXGL Launcher Thread     ] DEBUG FXGL                 - Service <<Executor>> initialized
08:47:57.917 [FXGL Launcher Thread     ] DEBUG FXGL                 - Service <<NotificationService>> initialized
08:47:57.918 [FXGL Launcher Thread     ] DEBUG FXGL                 - Service <<Net>> initialized
08:47:57.927 [FXGL Launcher Thread     ] DEBUG FXGL                 - Service <<Gameplay>> initialized
08:47:57.932 [FXGL Launcher Thread     ] DEBUG FXGLPooler           - Default pool size for objects = 128
08:47:57.933 [FXGL Launcher Thread     ] DEBUG FXGL                 - Service <<Pooler>> initialized
08:47:57.933 [FXGL Launcher Thread     ] DEBUG FXGL                 - Service <<ExceptionHandler>> initialized
08:47:57.933 [FXGL Launcher Thread     ] DEBUG FXGL                 - Service <<UIFactory>> initialized
08:47:57.933 [FXGL Launcher Thread     ] DEBUG FXGL                 - Service <<DialogFactory>> initialized
08:47:57.933 [FXGL Launcher Thread     ] DEBUG FXGL                 - Service <<SceneFactory>> initialized
08:47:57.934 [FXGL Launcher Thread     ] DEBUG FXGL                 - Loading FXGL system data
08:47:57.937 [FXGL Launcher Thread     ] DEBUG IOTask               - Executing task: readDataTask(system/fxgl.bundle)
08:47:57.944 [FXGL Launcher Thread     ] DEBUG FS                   - Reading from: system\fxgl.bundle
08:47:57.956 [FXGL Launcher Thread     ] DEBUG IOTask               - Task succeeded: readDataTask(system/fxgl.bundle)
08:47:57.956 [FXGL Launcher Thread     ] DEBUG Bundle               - Logging bundle: FXGL
08:47:57.957 [FXGL Launcher Thread     ] DEBUG Bundle               - FXGL.offline.timer.version.check=2022-12-06T00:23:55.142
08:47:57.957 [FXGL Launcher Thread     ] DEBUG GameApplication      - FXGL configuration complete
08:47:57.958 [FXGL Launcher Thread     ] INFO  GameApplication      - FXGL configuration took:  0.926 sec
08:47:57.958 [FXGL Launcher Thread     ] DEBUG GameApplication      - Logging game settings
Title: Shmup
Version: 0.1
Width: 800
Height: 600
Fullscreen: false
Intro: false
Menus: false
Profiling: false
App Mode: DEVELOPER
Menu Key: ESCAPE
Services: []
08:47:57.981 [FXGL Launcher Thread     ] DEBUG GameApplication      - Configuring GameApplication
08:47:57.982 [FXGL Launcher Thread     ] DEBUG AppStateMachine      - Initializing application states
08:47:57.984 [FXGL Launcher Thread     ] DEBUG FXGLAssetLoader      - Loading from disk: /assets/ui/cursors/fxgl_default.png
08:47:57.987 [FXGL Launcher Thread     ] DEBUG FXGLAssetLoader      - Loading from disk: /assets/ui/cursors/fxgl_default.png
08:47:58.024 [FXGL Launcher Thread     ] DEBUG GameWorld            - Game world initialized
08:47:58.061 [FXGL Launcher Thread     ] DEBUG PhysicsWorld         - Physics world initialized: appHeight=600, physics.ppm=50.0
08:47:58.068 [FXGL Launcher Thread     ] DEBUG FXGLAssetLoader      - Loading from disk: /assets/ui/cursors/fxgl_default.png
08:47:58.085 [FXGL Launcher Thread     ] DEBUG GameScene            - Game scene initialized: 800x600
08:47:58.101 [FXGL Launcher Thread     ] DEBUG Input                - Registered new binding: Pause - Esc
08:47:58.110 [FXGL Launcher Thread     ] INFO  GameApplication      - Game configuration took:  0.129 sec
08:47:58.113 [JavaFX Application Thread] DEBUG FXGLDisplay          - Target size: DoubleProperty [value: 800.0] x DoubleProperty [value: 600.0] @ 1.0
08:47:58.113 [JavaFX Application Thread] DEBUG FXGLDisplay          - New size:    800.0 x 600.0 @ DoubleProperty [value: 1.0]
08:47:58.113 [JavaFX Application Thread] DEBUG FXGLDisplay          - Opening primary stage
08:47:58.133 [JavaFX Application Thread] DEBUG FXGLDisplay          - Stage shown
08:47:58.133 [JavaFX Application Thread] DEBUG FXGLDisplay          - Root size: 800.0x600.0
08:47:58.133 [JavaFX Application Thread] DEBUG FXGLDisplay          - Scene size: 800.0x600.0
08:47:58.133 [JavaFX Application Thread] DEBUG FXGLDisplay          - Stage size: 818.0x647.0
08:47:58.148 [JavaFX Application Thread] DEBUG GameApplication      - Running preInit()
08:47:58.151 [JavaFX Application Thread] DEBUG Input                - Registered new binding: Screenshot - P
08:47:58.152 [JavaFX Application Thread] DEBUG Input                - Registered new binding: Dev Options - CTRL+0
08:47:58.153 [JavaFX Application Thread] DEBUG Input                - Registered new binding: Move Up - W
08:47:58.153 [JavaFX Application Thread] DEBUG Input                - Registered new binding: Move Left - A
08:47:58.153 [JavaFX Application Thread] DEBUG Input                - Registered new binding: Move Down - S
08:47:58.153 [JavaFX Application Thread] DEBUG Input                - Registered new binding: Move Right - D
08:47:58.155 [JavaFX Application Thread] DEBUG Input                - Registered new binding: Paws - Space
08:47:58.155 [JavaFX Application Thread] DEBUG Input                - Registered new binding: Shoot Bullet - H
08:47:58.155 [JavaFX Application Thread] DEBUG Input                - Registered new binding: Use a bomb - J
08:47:58.158 [JavaFX Application Thread] DEBUG FXGLAssetLoader      - Loading from disk: /assets/music/Shump.mp3
08:47:58.646 [JavaFX Application Thread] DEBUG FXGLAudioPlayer      - Playing music Music [balance=0.0, volume=1.0, rate=1.0, cycleCount=2147483647]
08:47:58.681 [JavaFX Application Thread] DEBUG GameApplication      - Starting main loop
08:47:58.684 [JavaFX Application Thread] DEBUG StartupState         - STARTUP
08:47:58.684 [JavaFX Application Thread] DEBUG GameApplication      - Starting new game
08:47:58.684 [JavaFX Application Thread] DEBUG Input                - Clearing active input actions
08:47:58.684 [JavaFX Application Thread] DEBUG AppStateMachine      - StartupState -> LoadingState
08:47:58.780 [JavaFX Application Thread] DEBUG InitAppTask          - @SetEntityFactory: [ShmupFactory]
08:47:58.780 [JavaFX Application Thread] DEBUG InitAppTask          - @AddCollisionHandler: []
08:47:58.783 [FXGL Background Thread 1 ] DEBUG InitAppTask          - Clearing previous game
08:47:58.783 [FXGL Background Thread 1 ] DEBUG GameWorld            - Clearing game world
08:47:58.784 [FXGL Background Thread 1 ] DEBUG PhysicsWorld         - Clearing physics world
08:47:58.785 [FXGL Background Thread 1 ] DEBUG GameScene            - Clearing game scene
08:47:58.785 [FXGL Background Thread 1 ] DEBUG InitAppTask          - Initializing Assets
08:47:58.785 [FXGL Background Thread 1 ] DEBUG InitAppTask          - Initializing Game
08:47:58.809 [FXGL Background Thread 1 ] DEBUG FXGLAssetLoader      - Loading from disk: /assets/textures/spacebackground.gif
08:47:59.083 [FXGL Background Thread 1 ] DEBUG GameScene            - Creating render group for layer: BACKGROUND(1000)
08:47:59.086 [FXGL Background Thread 1 ] DEBUG FXGLAssetLoader      - Loading from disk: /assets/textures/plane0t.png
08:47:59.096 [FXGL Background Thread 1 ] DEBUG GameScene            - Creating render group for layer: TOP(2147483647)
08:47:59.099 [FXGL Background Thread 1 ] DEBUG FXGLAssetLoader      - Loading from disk: /assets/textures/cfodder.png
08:47:59.103 [FXGL Background Thread 1 ] DEBUG IOTask               - Executing task: readDataTask(./highscore.dat)
08:47:59.103 [FXGL Background Thread 1 ] DEBUG FS                   - Reading from: .\highscore.dat
08:47:59.104 [FXGL Background Thread 1 ] DEBUG IOTask               - Task succeeded: readDataTask(./highscore.dat)
08:47:59.105 [FXGL Background Thread 1 ] DEBUG InitAppTask          - Initializing Physics
08:47:59.105 [FXGL Background Thread 1 ] DEBUG InitAppTask          - Initializing UI
08:47:59.106 [FXGL Background Thread 1 ] DEBUG FXGLAssetLoader      - Loading from disk: /assets/ui/main.fxml
08:47:59.135 [FXGL Background Thread 1 ] DEBUG InitAppTask          - Initialization Complete
08:47:59.135 [FXGL Background Thread 1 ] INFO  InitAppTask          - Game initialization took: 0.352 sec
08:47:59.144 [JavaFX Application Thread] DEBUG Input                - Clearing active input actions
08:47:59.144 [JavaFX Application Thread] DEBUG AppStateMachine      - LoadingState -> PlayState
08:48:00.374 [JavaFX Application Thread] DEBUG FXGLAssetLoader      - Loading from disk: /assets/textures/cfodder2.png
08:48:00.378 [JavaFX Application Thread] DEBUG FXGLAssetLoader      - Loading from disk: /assets/textures/cbullet.png
08:48:01.081 [JavaFX Application Thread] DEBUG FXGLAssetLoader      - Loading from cache: /assets/textures/cbullet.png
08:48:01.495 [JavaFX Application Thread] DEBUG FXGLAssetLoader      - Loading from cache: /assets/textures/cfodder.png
08:48:01.794 [JavaFX Application Thread] DEBUG FXGLAssetLoader      - Loading from cache: /assets/textures/cbullet.png
08:48:02.504 [JavaFX Application Thread] DEBUG FXGLAssetLoader      - Loading from cache: /assets/textures/cbullet.png
08:48:02.631 [JavaFX Application Thread] DEBUG FXGLAssetLoader      - Loading from cache: /assets/textures/cfodder.png
08:48:03.216 [JavaFX Application Thread] DEBUG FXGLAssetLoader      - Loading from cache: /assets/textures/cbullet.png
08:48:03.752 [JavaFX Application Thread] DEBUG FXGLAssetLoader      - Loading from cache: /assets/textures/cfodder2.png
08:48:03.754 [JavaFX Application Thread] DEBUG FXGLAssetLoader      - Loading from cache: /assets/textures/cbullet.png
08:48:03.911 [JavaFX Application Thread] DEBUG FXGLAssetLoader      - Loading from cache: /assets/textures/cbullet.png
08:48:03.993 [JavaFX Application Thread] DEBUG Input                - Registered new binding: Unpause - Space
08:48:03.993 [JavaFX Application Thread] DEBUG AppStateMachine      - Push state: PauseState
08:48:03.993 [JavaFX Application Thread] DEBUG Input                - Clearing active input actions
08:48:03.993 [JavaFX Application Thread] DEBUG AppStateMachine      - PlayState -> PauseState
08:48:11.367 [JavaFX Application Thread] DEBUG AppStateMachine      - Pop state: PauseState
08:48:11.367 [JavaFX Application Thread] DEBUG Input                - Clearing active input actions
08:48:11.367 [JavaFX Application Thread] DEBUG AppStateMachine      - PlayState <- PauseState
08:48:11.825 [JavaFX Application Thread] DEBUG FXGLAssetLoader      - Loading from cache: /assets/textures/cbullet.png
08:48:11.984 [JavaFX Application Thread] DEBUG FXGLAssetLoader      - Loading from cache: /assets/textures/cbullet.png
08:48:12.248 [JavaFX Application Thread] DEBUG FXGLAssetLoader      - Loading from cache: /assets/textures/cfodder.png
08:48:12.520 [JavaFX Application Thread] DEBUG FXGLAssetLoader      - Loading from cache: /assets/textures/cbullet.png
08:48:12.680 [JavaFX Application Thread] DEBUG FXGLAssetLoader      - Loading from cache: /assets/textures/cbullet.png
08:48:13.225 [JavaFX Application Thread] DEBUG FXGLAssetLoader      - Loading from cache: /assets/textures/cbullet.png
08:48:13.374 [JavaFX Application Thread] DEBUG FXGLAssetLoader      - Loading from cache: /assets/textures/cfodder.png
08:48:13.382 [JavaFX Application Thread] DEBUG FXGLAssetLoader      - Loading from cache: /assets/textures/cbullet.png
08:48:13.492 [JavaFX Application Thread] DEBUG FXGLAssetLoader      - Loading from disk: /assets/textures/bullet.png
08:48:13.943 [JavaFX Application Thread] DEBUG FXGLAssetLoader      - Loading from cache: /assets/textures/cbullet.png
08:48:14.103 [JavaFX Application Thread] DEBUG FXGLAssetLoader      - Loading from cache: /assets/textures/cbullet.png
08:48:14.519 [JavaFX Application Thread] DEBUG FXGLAssetLoader      - Loading from cache: /assets/textures/cfodder2.png
08:48:14.520 [JavaFX Application Thread] DEBUG FXGLAssetLoader      - Loading from cache: /assets/textures/cbullet.png
08:48:14.647 [JavaFX Application Thread] DEBUG FXGLAssetLoader      - Loading from cache: /assets/textures/cbullet.png
08:48:14.772 [JavaFX Application Thread] DEBUG FXGLAssetLoader      - Loading from cache: /assets/textures/bullet.png
08:48:14.808 [JavaFX Application Thread] DEBUG FXGLAssetLoader      - Loading from cache: /assets/textures/cbullet.png
08:48:14.946 [JavaFX Application Thread] DEBUG FXGLAssetLoader      - Loading from cache: /assets/textures/bullet.png
08:48:15.133 [JavaFX Application Thread] DEBUG FXGLAssetLoader      - Loading from cache: /assets/textures/bullet.png
08:48:15.234 [JavaFX Application Thread] DEBUG FXGLAssetLoader      - Loading from cache: /assets/textures/cbullet.png
08:48:15.279 [JavaFX Application Thread] DEBUG FXGLAssetLoader      - Loading from cache: /assets/textures/bullet.png
08:48:15.352 [JavaFX Application Thread] DEBUG FXGLAssetLoader      - Loading from cache: /assets/textures/cbullet.png
08:48:15.512 [JavaFX Application Thread] DEBUG FXGLAssetLoader      - Loading from cache: /assets/textures/cbullet.png
08:48:15.518 [JavaFX Application Thread] DEBUG FXGLAssetLoader      - Loading from cache: /assets/textures/bullet.png
08:48:15.632 [JavaFX Application Thread] DEBUG FXGLAssetLoader      - Loading from cache: /assets/textures/bullet.png
08:48:15.650 [JavaFX Application Thread] DEBUG FXGLAssetLoader      - Loading from cache: /assets/textures/cfodder.png
08:48:15.812 [JavaFX Application Thread] DEBUG FXGLAssetLoader      - Loading from cache: /assets/textures/bullet.png
08:48:15.940 [JavaFX Application Thread] DEBUG FXGLAssetLoader      - Loading from cache: /assets/textures/cbullet.png
08:48:16.026 [JavaFX Application Thread] DEBUG FXGLAssetLoader      - Loading from disk: /assets/textures/upgrade.png
08:48:16.100 [JavaFX Application Thread] DEBUG FXGLAssetLoader      - Loading from cache: /assets/textures/cbullet.png
08:48:16.258 [JavaFX Application Thread] DEBUG FXGLAssetLoader      - Loading from cache: /assets/textures/cbullet.png
08:48:16.287 [JavaFX Application Thread] DEBUG FXGLAssetLoader      - Loading from cache: /assets/textures/bullet.png
08:48:16.492 [JavaFX Application Thread] DEBUG FXGLAssetLoader      - Loading from cache: /assets/textures/bullet.png
08:48:16.669 [JavaFX Application Thread] DEBUG FXGLAssetLoader      - Loading from cache: /assets/textures/bullet.png
08:48:16.807 [JavaFX Application Thread] DEBUG FXGLAssetLoader      - Loading from cache: /assets/textures/cfodder.png
08:48:16.809 [JavaFX Application Thread] DEBUG FXGLAssetLoader      - Loading from cache: /assets/textures/cbullet.png
08:48:16.879 [JavaFX Application Thread] DEBUG FXGLAssetLoader      - Loading from cache: /assets/textures/bullet.png
08:48:16.966 [JavaFX Application Thread] DEBUG FXGLAssetLoader      - Loading from cache: /assets/textures/cbullet.png
08:48:17.111 [JavaFX Application Thread] DEBUG FXGLAssetLoader      - Loading from cache: /assets/textures/bullet.png
08:48:17.300 [JavaFX Application Thread] DEBUG FXGLAssetLoader      - Loading from cache: /assets/textures/bullet.png
08:48:17.301 [JavaFX Application Thread] DEBUG FXGLAssetLoader      - Loading from cache: /assets/textures/bullet.png
08:48:17.500 [JavaFX Application Thread] DEBUG FXGLAssetLoader      - Loading from cache: /assets/textures/bullet.png
08:48:17.500 [JavaFX Application Thread] DEBUG FXGLAssetLoader      - Loading from cache: /assets/textures/bullet.png
08:48:17.511 [JavaFX Application Thread] DEBUG FXGLAssetLoader      - Loading from cache: /assets/textures/cbullet.png
08:48:17.692 [JavaFX Application Thread] DEBUG FXGLAssetLoader      - Loading from cache: /assets/textures/bullet.png
08:48:17.693 [JavaFX Application Thread] DEBUG FXGLAssetLoader      - Loading from cache: /assets/textures/bullet.png
08:48:17.699 [JavaFX Application Thread] DEBUG FXGLAssetLoader      - Loading from cache: /assets/textures/cbullet.png
08:48:17.879 [JavaFX Application Thread] DEBUG FXGLAssetLoader      - Loading from cache: /assets/textures/bullet.png
08:48:17.880 [JavaFX Application Thread] DEBUG FXGLAssetLoader      - Loading from cache: /assets/textures/bullet.png
08:48:17.956 [JavaFX Application Thread] DEBUG FXGLAssetLoader      - Loading from cache: /assets/textures/cfodder.png
08:48:18.071 [JavaFX Application Thread] DEBUG FXGLAssetLoader      - Loading from cache: /assets/textures/bullet.png
08:48:18.072 [JavaFX Application Thread] DEBUG FXGLAssetLoader      - Loading from cache: /assets/textures/bullet.png
08:48:18.224 [JavaFX Application Thread] DEBUG FXGLAssetLoader      - Loading from cache: /assets/textures/bullet.png
08:48:18.225 [JavaFX Application Thread] DEBUG FXGLAssetLoader      - Loading from cache: /assets/textures/bullet.png
08:48:18.247 [JavaFX Application Thread] DEBUG FXGLAssetLoader      - Loading from cache: /assets/textures/cbullet.png
08:48:18.407 [JavaFX Application Thread] DEBUG FXGLAssetLoader      - Loading from cache: /assets/textures/cbullet.png
08:48:18.769 [JavaFX Application Thread] DEBUG FXGLAssetLoader      - Loading from cache: /assets/textures/bullet.png
08:48:18.770 [JavaFX Application Thread] DEBUG FXGLAssetLoader      - Loading from cache: /assets/textures/bullet.png
08:48:18.893 [JavaFX Application Thread] DEBUG FXGLAssetLoader      - Loading from cache: /assets/textures/bullet.png
08:48:18.894 [JavaFX Application Thread] DEBUG FXGLAssetLoader      - Loading from cache: /assets/textures/bullet.png
08:48:18.952 [JavaFX Application Thread] DEBUG FXGLAssetLoader      - Loading from cache: /assets/textures/cbullet.png
08:48:19.079 [JavaFX Application Thread] DEBUG FXGLAssetLoader      - Loading from cache: /assets/textures/cfodder.png
08:48:19.111 [JavaFX Application Thread] DEBUG FXGLAssetLoader      - Loading from cache: /assets/textures/cbullet.png
08:48:19.539 [JavaFX Application Thread] DEBUG FXGLAssetLoader      - Loading from cache: /assets/textures/bullet.png
08:48:19.541 [JavaFX Application Thread] DEBUG FXGLAssetLoader      - Loading from cache: /assets/textures/bullet.png
08:48:19.709 [JavaFX Application Thread] DEBUG FXGLAssetLoader      - Loading from cache: /assets/textures/bullet.png
08:48:19.710 [JavaFX Application Thread] DEBUG FXGLAssetLoader      - Loading from cache: /assets/textures/bullet.png
08:48:19.850 [JavaFX Application Thread] DEBUG FXGLAssetLoader      - Loading from cache: /assets/textures/bullet.png
08:48:19.851 [JavaFX Application Thread] DEBUG FXGLAssetLoader      - Loading from cache: /assets/textures/bullet.png
08:48:20.063 [JavaFX Application Thread] DEBUG FXGLAssetLoader      - Loading from cache: /assets/textures/bullet.png
08:48:20.064 [JavaFX Application Thread] DEBUG FXGLAssetLoader      - Loading from cache: /assets/textures/bullet.png
08:48:20.200 [JavaFX Application Thread] DEBUG FXGLAssetLoader      - Loading from cache: /assets/textures/cfodder.png
08:48:20.226 [JavaFX Application Thread] DEBUG FXGLAssetLoader      - Loading from cache: /assets/textures/bullet.png
08:48:20.226 [JavaFX Application Thread] DEBUG FXGLAssetLoader      - Loading from cache: /assets/textures/bullet.png
08:48:20.441 [JavaFX Application Thread] DEBUG FXGLAssetLoader      - Loading from cache: /assets/textures/bullet.png
08:48:20.442 [JavaFX Application Thread] DEBUG FXGLAssetLoader      - Loading from cache: /assets/textures/bullet.png
08:48:20.635 [JavaFX Application Thread] DEBUG FXGLAssetLoader      - Loading from cache: /assets/textures/bullet.png
08:48:20.636 [JavaFX Application Thread] DEBUG FXGLAssetLoader      - Loading from cache: /assets/textures/bullet.png
08:48:20.811 [JavaFX Application Thread] DEBUG FXGLAssetLoader      - Loading from cache: /assets/textures/bullet.png
08:48:20.812 [JavaFX Application Thread] DEBUG FXGLAssetLoader      - Loading from cache: /assets/textures/bullet.png
08:48:20.990 [JavaFX Application Thread] DEBUG FXGLAssetLoader      - Loading from cache: /assets/textures/bullet.png
08:48:20.991 [JavaFX Application Thread] DEBUG FXGLAssetLoader      - Loading from cache: /assets/textures/bullet.png
08:48:21.166 [JavaFX Application Thread] DEBUG FXGLAssetLoader      - Loading from cache: /assets/textures/bullet.png
08:48:21.167 [JavaFX Application Thread] DEBUG FXGLAssetLoader      - Loading from cache: /assets/textures/bullet.png
08:48:21.332 [JavaFX Application Thread] DEBUG FXGLAssetLoader      - Loading from cache: /assets/textures/cfodder.png
08:48:21.344 [JavaFX Application Thread] DEBUG FXGLAssetLoader      - Loading from cache: /assets/textures/bullet.png
08:48:21.344 [JavaFX Application Thread] DEBUG FXGLAssetLoader      - Loading from cache: /assets/textures/bullet.png
08:48:21.549 [JavaFX Application Thread] DEBUG FXGLAssetLoader      - Loading from cache: /assets/textures/bullet.png
08:48:21.550 [JavaFX Application Thread] DEBUG FXGLAssetLoader      - Loading from cache: /assets/textures/bullet.png
08:48:21.732 [JavaFX Application Thread] DEBUG FXGLAssetLoader      - Loading from cache: /assets/textures/bullet.png
08:48:21.733 [JavaFX Application Thread] DEBUG FXGLAssetLoader      - Loading from cache: /assets/textures/bullet.png
08:48:21.922 [JavaFX Application Thread] DEBUG FXGLAssetLoader      - Loading from cache: /assets/textures/bullet.png
08:48:21.922 [JavaFX Application Thread] DEBUG FXGLAssetLoader      - Loading from cache: /assets/textures/bullet.png
08:48:22.134 [JavaFX Application Thread] DEBUG FXGLAssetLoader      - Loading from cache: /assets/textures/bullet.png
08:48:22.135 [JavaFX Application Thread] DEBUG FXGLAssetLoader      - Loading from cache: /assets/textures/bullet.png
08:48:22.383 [JavaFX Application Thread] DEBUG FXGLAssetLoader      - Loading from cache: /assets/textures/bullet.png
08:48:22.385 [JavaFX Application Thread] DEBUG FXGLAssetLoader      - Loading from cache: /assets/textures/bullet.png
08:48:22.456 [JavaFX Application Thread] DEBUG FXGLAssetLoader      - Loading from cache: /assets/textures/cfodder2.png
08:48:22.457 [JavaFX Application Thread] DEBUG FXGLAssetLoader      - Loading from cache: /assets/textures/cbullet.png
08:48:22.575 [JavaFX Application Thread] DEBUG FXGLAssetLoader      - Loading from cache: /assets/textures/bullet.png
08:48:22.576 [JavaFX Application Thread] DEBUG FXGLAssetLoader      - Loading from cache: /assets/textures/bullet.png
08:48:22.800 [JavaFX Application Thread] DEBUG FXGLAssetLoader      - Loading from cache: /assets/textures/bullet.png
08:48:22.800 [JavaFX Application Thread] DEBUG FXGLAssetLoader      - Loading from cache: /assets/textures/bullet.png
08:48:23.033 [JavaFX Application Thread] DEBUG FXGLAssetLoader      - Loading from cache: /assets/textures/bullet.png
08:48:23.034 [JavaFX Application Thread] DEBUG FXGLAssetLoader      - Loading from cache: /assets/textures/bullet.png
08:48:23.160 [JavaFX Application Thread] DEBUG FXGLAssetLoader      - Loading from cache: /assets/textures/cbullet.png
08:48:23.290 [JavaFX Application Thread] DEBUG FXGLAssetLoader      - Loading from cache: /assets/textures/bullet.png
08:48:23.291 [JavaFX Application Thread] DEBUG FXGLAssetLoader      - Loading from cache: /assets/textures/bullet.png
08:48:23.503 [JavaFX Application Thread] DEBUG FXGLAssetLoader      - Loading from cache: /assets/textures/bullet.png
08:48:23.504 [JavaFX Application Thread] DEBUG FXGLAssetLoader      - Loading from cache: /assets/textures/bullet.png
08:48:23.575 [JavaFX Application Thread] DEBUG FXGLAssetLoader      - Loading from cache: /assets/textures/cfodder2.png
08:48:23.575 [JavaFX Application Thread] DEBUG FXGLAssetLoader      - Loading from cache: /assets/textures/cbullet.png
08:48:23.791 [JavaFX Application Thread] DEBUG FXGLAssetLoader      - Loading from cache: /assets/textures/bullet.png
08:48:23.792 [JavaFX Application Thread] DEBUG FXGLAssetLoader      - Loading from cache: /assets/textures/bullet.png
08:48:23.874 [JavaFX Application Thread] DEBUG FXGLAssetLoader      - Loading from cache: /assets/textures/cbullet.png
08:48:23.928 [JavaFX Application Thread] DEBUG FXGLAssetLoader      - Loading from cache: /assets/textures/upgrade.png
08:48:24.025 [JavaFX Application Thread] DEBUG FXGLAssetLoader      - Loading from cache: /assets/textures/bullet.png
08:48:24.026 [JavaFX Application Thread] DEBUG FXGLAssetLoader      - Loading from cache: /assets/textures/bullet.png
08:48:24.305 [JavaFX Application Thread] DEBUG FXGLAssetLoader      - Loading from cache: /assets/textures/bullet.png
08:48:24.306 [JavaFX Application Thread] DEBUG FXGLAssetLoader      - Loading from cache: /assets/textures/bullet.png
08:48:24.582 [JavaFX Application Thread] DEBUG FXGLAssetLoader      - Loading from cache: /assets/textures/cbullet.png
08:48:24.587 [JavaFX Application Thread] DEBUG FXGLAssetLoader      - Loading from cache: /assets/textures/bullet.png
08:48:24.588 [JavaFX Application Thread] DEBUG FXGLAssetLoader      - Loading from cache: /assets/textures/bullet.png
08:48:24.707 [JavaFX Application Thread] DEBUG FXGLAssetLoader      - Loading from cache: /assets/textures/cfodder.png
08:48:24.709 [JavaFX Application Thread] DEBUG FXGLAssetLoader      - Loading from disk: /assets/textures/Boss.png
08:48:24.721 [JavaFX Application Thread] DEBUG FXGLAssetLoader      - Loading from disk: /assets/textures/bbullet.png
08:48:24.723 [JavaFX Application Thread] DEBUG FXGLAssetLoader      - Loading from cache: /assets/textures/bbullet.png
08:48:24.792 [JavaFX Application Thread] DEBUG FXGLAssetLoader      - Loading from cache: /assets/textures/bbullet.png
08:48:24.793 [JavaFX Application Thread] DEBUG FXGLAssetLoader      - Loading from cache: /assets/textures/bbullet.png
08:48:24.861 [JavaFX Application Thread] DEBUG FXGLAssetLoader      - Loading from cache: /assets/textures/bullet.png
08:48:24.862 [JavaFX Application Thread] DEBUG FXGLAssetLoader      - Loading from cache: /assets/textures/bullet.png
08:48:24.883 [JavaFX Application Thread] DEBUG FXGLAssetLoader      - Loading from cache: /assets/textures/bbullet.png
08:48:24.884 [JavaFX Application Thread] DEBUG FXGLAssetLoader      - Loading from cache: /assets/textures/bbullet.png
08:48:24.965 [JavaFX Application Thread] DEBUG FXGLAssetLoader      - Loading from cache: /assets/textures/bbullet.png
08:48:24.966 [JavaFX Application Thread] DEBUG FXGLAssetLoader      - Loading from cache: /assets/textures/bbullet.png
08:48:25.047 [JavaFX Application Thread] DEBUG FXGLAssetLoader      - Loading from cache: /assets/textures/bbullet.png
08:48:25.047 [JavaFX Application Thread] DEBUG FXGLAssetLoader      - Loading from cache: /assets/textures/bbullet.png
08:48:25.067 [JavaFX Application Thread] DEBUG FXGLAssetLoader      - Loading from cache: /assets/textures/bullet.png
08:48:25.068 [JavaFX Application Thread] DEBUG FXGLAssetLoader      - Loading from cache: /assets/textures/bullet.png
08:48:25.128 [JavaFX Application Thread] DEBUG FXGLAssetLoader      - Loading from cache: /assets/textures/bbullet.png
08:48:25.128 [JavaFX Application Thread] DEBUG FXGLAssetLoader      - Loading from cache: /assets/textures/bbullet.png
08:48:25.215 [JavaFX Application Thread] DEBUG FXGLAssetLoader      - Loading from cache: /assets/textures/bbullet.png
08:48:25.216 [JavaFX Application Thread] DEBUG FXGLAssetLoader      - Loading from cache: /assets/textures/bbullet.png
08:48:25.254 [JavaFX Application Thread] DEBUG FXGLAssetLoader      - Loading from cache: /assets/textures/bullet.png
08:48:25.254 [JavaFX Application Thread] DEBUG FXGLAssetLoader      - Loading from cache: /assets/textures/bullet.png
08:48:25.287 [JavaFX Application Thread] DEBUG FXGLAssetLoader      - Loading from cache: /assets/textures/cbullet.png
08:48:25.299 [JavaFX Application Thread] DEBUG FXGLAssetLoader      - Loading from cache: /assets/textures/bbullet.png
08:48:25.300 [JavaFX Application Thread] DEBUG FXGLAssetLoader      - Loading from cache: /assets/textures/bbullet.png
08:48:25.382 [JavaFX Application Thread] DEBUG FXGLAssetLoader      - Loading from cache: /assets/textures/bbullet.png
08:48:25.383 [JavaFX Application Thread] DEBUG FXGLAssetLoader      - Loading from cache: /assets/textures/bbullet.png
08:48:25.438 [JavaFX Application Thread] DEBUG FXGLAssetLoader      - Loading from cache: /assets/textures/bullet.png
08:48:25.438 [JavaFX Application Thread] DEBUG FXGLAssetLoader      - Loading from cache: /assets/textures/bullet.png
08:48:25.463 [JavaFX Application Thread] DEBUG FXGLAssetLoader      - Loading from cache: /assets/textures/bbullet.png
08:48:25.463 [JavaFX Application Thread] DEBUG FXGLAssetLoader      - Loading from cache: /assets/textures/bbullet.png
08:48:25.543 [JavaFX Application Thread] DEBUG FXGLAssetLoader      - Loading from cache: /assets/textures/bbullet.png
08:48:25.543 [JavaFX Application Thread] DEBUG FXGLAssetLoader      - Loading from cache: /assets/textures/bbullet.png
08:48:25.618 [JavaFX Application Thread] DEBUG FXGLAssetLoader      - Loading from cache: /assets/textures/bullet.png
08:48:25.619 [JavaFX Application Thread] DEBUG FXGLAssetLoader      - Loading from cache: /assets/textures/bullet.png
08:48:25.619 [JavaFX Application Thread] DEBUG FXGLAssetLoader      - Loading from cache: /assets/textures/bullet.png
08:48:25.632 [JavaFX Application Thread] DEBUG FXGLAssetLoader      - Loading from cache: /assets/textures/bbullet.png
08:48:25.633 [JavaFX Application Thread] DEBUG FXGLAssetLoader      - Loading from cache: /assets/textures/bbullet.png
08:48:25.715 [JavaFX Application Thread] DEBUG FXGLAssetLoader      - Loading from cache: /assets/textures/bbullet.png
08:48:25.716 [JavaFX Application Thread] DEBUG FXGLAssetLoader      - Loading from cache: /assets/textures/bbullet.png
08:48:25.789 [JavaFX Application Thread] DEBUG FXGLAssetLoader      - Loading from cache: /assets/textures/bullet.png
08:48:25.790 [JavaFX Application Thread] DEBUG FXGLAssetLoader      - Loading from cache: /assets/textures/bullet.png
08:48:25.790 [JavaFX Application Thread] DEBUG FXGLAssetLoader      - Loading from cache: /assets/textures/bullet.png
08:48:25.799 [JavaFX Application Thread] DEBUG FXGLAssetLoader      - Loading from cache: /assets/textures/bbullet.png
08:48:25.800 [JavaFX Application Thread] DEBUG FXGLAssetLoader      - Loading from cache: /assets/textures/bbullet.png
08:48:25.879 [JavaFX Application Thread] DEBUG FXGLAssetLoader      - Loading from cache: /assets/textures/bbullet.png
08:48:25.879 [JavaFX Application Thread] DEBUG FXGLAssetLoader      - Loading from cache: /assets/textures/bbullet.png
08:48:25.959 [JavaFX Application Thread] DEBUG FXGLAssetLoader      - Loading from cache: /assets/textures/bbullet.png
08:48:25.959 [JavaFX Application Thread] DEBUG FXGLAssetLoader      - Loading from cache: /assets/textures/bbullet.png
08:48:25.984 [JavaFX Application Thread] DEBUG FXGLAssetLoader      - Loading from cache: /assets/textures/bullet.png
08:48:25.985 [JavaFX Application Thread] DEBUG FXGLAssetLoader      - Loading from cache: /assets/textures/bullet.png
08:48:25.986 [JavaFX Application Thread] DEBUG FXGLAssetLoader      - Loading from cache: /assets/textures/bullet.png
08:48:25.999 [JavaFX Application Thread] DEBUG FXGLAssetLoader      - Loading from cache: /assets/textures/cbullet.png
08:48:26.049 [JavaFX Application Thread] DEBUG FXGLAssetLoader      - Loading from cache: /assets/textures/bbullet.png
08:48:26.050 [JavaFX Application Thread] DEBUG FXGLAssetLoader      - Loading from cache: /assets/textures/bbullet.png
08:48:26.132 [JavaFX Application Thread] DEBUG FXGLAssetLoader      - Loading from cache: /assets/textures/bbullet.png
08:48:26.133 [JavaFX Application Thread] DEBUG FXGLAssetLoader      - Loading from cache: /assets/textures/bbullet.png
08:48:26.190 [JavaFX Application Thread] DEBUG FXGLAssetLoader      - Loading from cache: /assets/textures/bullet.png
08:48:26.191 [JavaFX Application Thread] DEBUG FXGLAssetLoader      - Loading from cache: /assets/textures/bullet.png
08:48:26.191 [JavaFX Application Thread] DEBUG FXGLAssetLoader      - Loading from cache: /assets/textures/bullet.png
08:48:26.216 [JavaFX Application Thread] DEBUG FXGLAssetLoader      - Loading from cache: /assets/textures/bbullet.png
08:48:26.217 [JavaFX Application Thread] DEBUG FXGLAssetLoader      - Loading from cache: /assets/textures/bbullet.png
08:48:26.296 [JavaFX Application Thread] DEBUG FXGLAssetLoader      - Loading from cache: /assets/textures/bbullet.png
08:48:26.296 [JavaFX Application Thread] DEBUG FXGLAssetLoader      - Loading from cache: /assets/textures/bbullet.png
08:48:26.376 [JavaFX Application Thread] DEBUG FXGLAssetLoader      - Loading from cache: /assets/textures/bbullet.png
08:48:26.376 [JavaFX Application Thread] DEBUG FXGLAssetLoader      - Loading from cache: /assets/textures/bbullet.png
08:48:26.383 [JavaFX Application Thread] DEBUG FXGLAssetLoader      - Loading from cache: /assets/textures/bullet.png
08:48:26.384 [JavaFX Application Thread] DEBUG FXGLAssetLoader      - Loading from cache: /assets/textures/bullet.png
08:48:26.384 [JavaFX Application Thread] DEBUG FXGLAssetLoader      - Loading from cache: /assets/textures/bullet.png
08:48:26.466 [JavaFX Application Thread] DEBUG FXGLAssetLoader      - Loading from cache: /assets/textures/bbullet.png
08:48:26.466 [JavaFX Application Thread] DEBUG FXGLAssetLoader      - Loading from cache: /assets/textures/bbullet.png
08:48:26.542 [JavaFX Application Thread] DEBUG FXGLAssetLoader      - Loading from cache: /assets/textures/bullet.png
08:48:26.542 [JavaFX Application Thread] DEBUG FXGLAssetLoader      - Loading from cache: /assets/textures/bullet.png
08:48:26.543 [JavaFX Application Thread] DEBUG FXGLAssetLoader      - Loading from cache: /assets/textures/bullet.png
08:48:26.549 [JavaFX Application Thread] DEBUG FXGLAssetLoader      - Loading from cache: /assets/textures/bbullet.png
08:48:26.549 [JavaFX Application Thread] DEBUG FXGLAssetLoader      - Loading from cache: /assets/textures/bbullet.png
08:48:26.632 [JavaFX Application Thread] DEBUG FXGLAssetLoader      - Loading from cache: /assets/textures/bbullet.png
08:48:26.632 [JavaFX Application Thread] DEBUG FXGLAssetLoader      - Loading from cache: /assets/textures/bbullet.png
08:48:26.706 [JavaFX Application Thread] DEBUG FXGLAssetLoader      - Loading from cache: /assets/textures/cbullet.png
08:48:26.711 [JavaFX Application Thread] DEBUG FXGLAssetLoader      - Loading from cache: /assets/textures/bbullet.png
08:48:26.711 [JavaFX Application Thread] DEBUG FXGLAssetLoader      - Loading from cache: /assets/textures/bbullet.png
08:48:26.716 [JavaFX Application Thread] DEBUG FXGLAssetLoader      - Loading from cache: /assets/textures/bullet.png
08:48:26.717 [JavaFX Application Thread] DEBUG FXGLAssetLoader      - Loading from cache: /assets/textures/bullet.png
08:48:26.717 [JavaFX Application Thread] DEBUG FXGLAssetLoader      - Loading from cache: /assets/textures/bullet.png
08:48:26.799 [JavaFX Application Thread] DEBUG FXGLAssetLoader      - Loading from cache: /assets/textures/bbullet.png
08:48:26.801 [JavaFX Application Thread] DEBUG FXGLAssetLoader      - Loading from cache: /assets/textures/bbullet.png
08:48:26.872 [JavaFX Application Thread] DEBUG FXGLAssetLoader      - Loading from cache: /assets/textures/bullet.png
08:48:26.872 [JavaFX Application Thread] DEBUG FXGLAssetLoader      - Loading from cache: /assets/textures/bullet.png
08:48:26.873 [JavaFX Application Thread] DEBUG FXGLAssetLoader      - Loading from cache: /assets/textures/bullet.png
08:48:26.882 [JavaFX Application Thread] DEBUG FXGLAssetLoader      - Loading from cache: /assets/textures/bbullet.png
08:48:26.883 [JavaFX Application Thread] DEBUG FXGLAssetLoader      - Loading from cache: /assets/textures/bbullet.png
08:48:26.966 [JavaFX Application Thread] DEBUG FXGLAssetLoader      - Loading from cache: /assets/textures/bbullet.png
08:48:26.966 [JavaFX Application Thread] DEBUG FXGLAssetLoader      - Loading from cache: /assets/textures/bbullet.png
08:48:27.045 [JavaFX Application Thread] DEBUG FXGLAssetLoader      - Loading from cache: /assets/textures/bullet.png
08:48:27.046 [JavaFX Application Thread] DEBUG FXGLAssetLoader      - Loading from cache: /assets/textures/bullet.png
08:48:27.046 [JavaFX Application Thread] DEBUG FXGLAssetLoader      - Loading from cache: /assets/textures/bullet.png
08:48:27.048 [JavaFX Application Thread] DEBUG FXGLAssetLoader      - Loading from cache: /assets/textures/bbullet.png
08:48:27.048 [JavaFX Application Thread] DEBUG FXGLAssetLoader      - Loading from cache: /assets/textures/bbullet.png
08:48:27.127 [JavaFX Application Thread] DEBUG FXGLAssetLoader      - Loading from cache: /assets/textures/bbullet.png
08:48:27.127 [JavaFX Application Thread] DEBUG FXGLAssetLoader      - Loading from cache: /assets/textures/bbullet.png
08:48:27.213 [JavaFX Application Thread] DEBUG FXGLAssetLoader      - Loading from cache: /assets/textures/bullet.png
08:48:27.213 [JavaFX Application Thread] DEBUG FXGLAssetLoader      - Loading from cache: /assets/textures/bullet.png
08:48:27.214 [JavaFX Application Thread] DEBUG FXGLAssetLoader      - Loading from cache: /assets/textures/bullet.png
08:48:27.215 [JavaFX Application Thread] DEBUG FXGLAssetLoader      - Loading from cache: /assets/textures/bbullet.png
08:48:27.216 [JavaFX Application Thread] DEBUG FXGLAssetLoader      - Loading from cache: /assets/textures/bbullet.png
08:48:27.299 [JavaFX Application Thread] DEBUG FXGLAssetLoader      - Loading from cache: /assets/textures/bbullet.png
08:48:27.299 [JavaFX Application Thread] DEBUG FXGLAssetLoader      - Loading from cache: /assets/textures/bbullet.png
08:48:27.368 [JavaFX Application Thread] DEBUG FXGLAssetLoader      - Loading from cache: /assets/textures/bullet.png
08:48:27.368 [JavaFX Application Thread] DEBUG FXGLAssetLoader      - Loading from cache: /assets/textures/bullet.png
08:48:27.368 [JavaFX Application Thread] DEBUG FXGLAssetLoader      - Loading from cache: /assets/textures/bullet.png
08:48:27.382 [JavaFX Application Thread] DEBUG FXGLAssetLoader      - Loading from cache: /assets/textures/bbullet.png
08:48:27.383 [JavaFX Application Thread] DEBUG FXGLAssetLoader      - Loading from cache: /assets/textures/bbullet.png
08:48:27.416 [JavaFX Application Thread] DEBUG FXGLAssetLoader      - Loading from cache: /assets/textures/cbullet.png
08:48:27.464 [JavaFX Application Thread] DEBUG FXGLAssetLoader      - Loading from cache: /assets/textures/bbullet.png
08:48:27.464 [JavaFX Application Thread] DEBUG FXGLAssetLoader      - Loading from cache: /assets/textures/bbullet.png
08:48:27.522 [JavaFX Application Thread] DEBUG FXGLAssetLoader      - Loading from cache: /assets/textures/bullet.png
08:48:27.522 [JavaFX Application Thread] DEBUG FXGLAssetLoader      - Loading from cache: /assets/textures/bullet.png
08:48:27.522 [JavaFX Application Thread] DEBUG FXGLAssetLoader      - Loading from cache: /assets/textures/bullet.png
08:48:27.543 [JavaFX Application Thread] DEBUG FXGLAssetLoader      - Loading from cache: /assets/textures/bbullet.png
08:48:27.544 [JavaFX Application Thread] DEBUG FXGLAssetLoader      - Loading from cache: /assets/textures/bbullet.png
08:48:27.633 [JavaFX Application Thread] DEBUG FXGLAssetLoader      - Loading from cache: /assets/textures/bbullet.png
08:48:27.634 [JavaFX Application Thread] DEBUG FXGLAssetLoader      - Loading from cache: /assets/textures/bbullet.png
08:48:27.682 [JavaFX Application Thread] DEBUG FXGLAssetLoader      - Loading from cache: /assets/textures/bullet.png
08:48:27.683 [JavaFX Application Thread] DEBUG FXGLAssetLoader      - Loading from cache: /assets/textures/bullet.png
08:48:27.683 [JavaFX Application Thread] DEBUG FXGLAssetLoader      - Loading from cache: /assets/textures/bullet.png
08:48:27.716 [JavaFX Application Thread] DEBUG FXGLAssetLoader      - Loading from cache: /assets/textures/bbullet.png
08:48:27.717 [JavaFX Application Thread] DEBUG FXGLAssetLoader      - Loading from cache: /assets/textures/bbullet.png
08:48:27.798 [JavaFX Application Thread] DEBUG FXGLAssetLoader      - Loading from cache: /assets/textures/bbullet.png
08:48:27.800 [JavaFX Application Thread] DEBUG FXGLAssetLoader      - Loading from cache: /assets/textures/bbullet.png
08:48:27.852 [JavaFX Application Thread] DEBUG FXGLAssetLoader      - Loading from cache: /assets/textures/bullet.png
08:48:27.853 [JavaFX Application Thread] DEBUG FXGLAssetLoader      - Loading from cache: /assets/textures/bullet.png
08:48:27.853 [JavaFX Application Thread] DEBUG FXGLAssetLoader      - Loading from cache: /assets/textures/bullet.png
08:48:27.880 [JavaFX Application Thread] DEBUG FXGLAssetLoader      - Loading from cache: /assets/textures/bbullet.png
08:48:27.880 [JavaFX Application Thread] DEBUG FXGLAssetLoader      - Loading from cache: /assets/textures/bbullet.png
08:48:27.960 [JavaFX Application Thread] DEBUG FXGLAssetLoader      - Loading from cache: /assets/textures/bbullet.png
08:48:27.960 [JavaFX Application Thread] DEBUG FXGLAssetLoader      - Loading from cache: /assets/textures/bbullet.png
08:48:28.027 [JavaFX Application Thread] DEBUG FXGLAssetLoader      - Loading from cache: /assets/textures/bullet.png
08:48:28.028 [JavaFX Application Thread] DEBUG FXGLAssetLoader      - Loading from cache: /assets/textures/bullet.png
08:48:28.028 [JavaFX Application Thread] DEBUG FXGLAssetLoader      - Loading from cache: /assets/textures/bullet.png
08:48:28.049 [JavaFX Application Thread] DEBUG FXGLAssetLoader      - Loading from cache: /assets/textures/bbullet.png
08:48:28.050 [JavaFX Application Thread] DEBUG FXGLAssetLoader      - Loading from cache: /assets/textures/bbullet.png
08:48:28.120 [JavaFX Application Thread] DEBUG FXGLAssetLoader      - Loading from cache: /assets/textures/cbullet.png
08:48:28.132 [JavaFX Application Thread] DEBUG FXGLAssetLoader      - Loading from cache: /assets/textures/bbullet.png
08:48:28.133 [JavaFX Application Thread] DEBUG FXGLAssetLoader      - Loading from cache: /assets/textures/bbullet.png
08:48:28.215 [JavaFX Application Thread] DEBUG FXGLAssetLoader      - Loading from cache: /assets/textures/bbullet.png
08:48:28.216 [JavaFX Application Thread] DEBUG FXGLAssetLoader      - Loading from cache: /assets/textures/bbullet.png
08:48:28.219 [JavaFX Application Thread] DEBUG FXGLAssetLoader      - Loading from cache: /assets/textures/bullet.png
08:48:28.219 [JavaFX Application Thread] DEBUG FXGLAssetLoader      - Loading from cache: /assets/textures/bullet.png
08:48:28.219 [JavaFX Application Thread] DEBUG FXGLAssetLoader      - Loading from cache: /assets/textures/bullet.png
08:48:28.285 [JavaFX Application Thread] DEBUG AppStateMachine      - Push state: DialogSubState
08:48:28.285 [JavaFX Application Thread] DEBUG Input                - Clearing active input actions
08:48:28.285 [JavaFX Application Thread] DEBUG AppStateMachine      - PlayState -> DialogSubState
08:50:10.272 [JavaFX Application Thread] DEBUG AppStateMachine      - Pop state: DialogSubState
08:50:10.272 [JavaFX Application Thread] DEBUG Input                - Clearing active input actions
08:50:10.272 [JavaFX Application Thread] DEBUG AppStateMachine      - PlayState <- DialogSubState
08:50:10.273 [JavaFX Application Thread] DEBUG FXGLAssetLoader      - Loading from cache: /assets/textures/cfodder.png
08:50:11.172 [JavaFX Application Thread] DEBUG FXGLAssetLoader      - Loading from cache: /assets/textures/cfodder.png
08:50:11.447 [JavaFX Application Thread] DEBUG Input                - Registered new binding: Unpause - Space
08:50:11.448 [JavaFX Application Thread] DEBUG AppStateMachine      - Push state: PauseState
08:50:11.448 [JavaFX Application Thread] DEBUG Input                - Clearing active input actions
08:50:11.448 [JavaFX Application Thread] DEBUG AppStateMachine      - PlayState -> PauseState
08:50:39.531 [JavaFX Application Thread] DEBUG FXGLEventBus         - Firing event: DisplayEvent[type=CLOSE_REQUEST]
08:50:39.531 [JavaFX Application Thread] DEBUG GameApplication      - Exiting FXGL application
08:50:39.532 [JavaFX Application Thread] DEBUG FXGL                 - Saving FXGL system data
08:50:39.534 [JavaFX Application Thread] DEBUG IOTask               - Executing task: writeDataTask(system/fxgl.bundle)
08:50:39.538 [JavaFX Application Thread] DEBUG FS                   - Writing to: system\fxgl.bundle
08:50:39.545 [JavaFX Application Thread] DEBUG IOTask               - Task succeeded: writeDataTask(system/fxgl.bundle)
08:50:39.545 [JavaFX Application Thread] DEBUG GameApplication      - Closing FXGL logger and exiting JavaFX
