09:08:51.836 [FXGL Launcher Thread     ] DEBUG FXGL                 - FXGL logger initialized
09:08:51.841 [FXGL Launcher Thread     ] DEBUG FXGL                 - Service <<AudioPlayer>> initialized
09:08:51.843 [FXGL Launcher Thread     ] DEBUG FXGLAssetLoader      - Asset cacheSize=35
09:08:51.844 [FXGL Launcher Thread     ] DEBUG FXGL                 - Service <<AssetLoader>> initialized
09:08:51.845 [FXGL Launcher Thread     ] DEBUG FXGL                 - Service <<EventBus>> initialized
09:08:51.850 [FXGL Launcher Thread     ] DEBUG FXGLAssetLoader      - Loading from disk: /assets/ui/cursors/fxgl_default.png
09:08:51.881 [FXGL Launcher Thread     ] DEBUG FXGLAssetLoader      - Loading from disk: /assets/sounds/core/notification.wav
09:08:51.959 [FXGL Launcher Thread     ] DEBUG FXGLAssetLoader      - Loading from disk: /assets/sounds/menu/select.wav
09:08:51.961 [FXGL Launcher Thread     ] DEBUG FXGLAssetLoader      - Loading from disk: /assets/sounds/menu/back.wav
09:08:51.963 [FXGL Launcher Thread     ] DEBUG FXGLAssetLoader      - Loading from disk: /assets/sounds/menu/press.wav
09:08:51.965 [FXGL Launcher Thread     ] DEBUG FXGLAssetLoader      - Loading from disk: /assets/ui/fonts/Copperplate_Gothic_Light_Regular.ttf
09:08:52.374 [FXGL Launcher Thread     ] DEBUG FXGLAssetLoader      - Loading from disk: /assets/ui/fonts/lucida_console.ttf
09:08:52.381 [FXGL Launcher Thread     ] DEBUG FXGLAssetLoader      - Loading from disk: /assets/ui/css/fxgl_dark.css
09:08:52.381 [FXGL Launcher Thread     ] DEBUG FXGLAssetLoader      - Loading from disk: /assets/ui/icons/fxgl_icon.png
09:08:52.416 [FXGL Launcher Thread     ] DEBUG FXGLDisplay          - Using CSS: CSS(externalForm=jar:file:/C:/Users/oumta/Downloads/Shmup-20220925T201736Z-001/Shmup/lib/fxgl-0.3.6-uber.jar!/assets/ui/css/fxgl_dark.css)
09:08:52.418 [FXGL Launcher Thread     ] DEBUG FXGL                 - Service <<Display>> initialized
09:08:52.421 [FXGL Launcher Thread     ] DEBUG FXGL                 - Service <<Executor>> initialized
09:08:52.433 [FXGL Launcher Thread     ] DEBUG FXGL                 - Service <<NotificationService>> initialized
09:08:52.435 [FXGL Launcher Thread     ] DEBUG FXGL                 - Service <<Net>> initialized
09:08:52.454 [FXGL Launcher Thread     ] DEBUG FXGL                 - Service <<Gameplay>> initialized
09:08:52.462 [FXGL Launcher Thread     ] DEBUG FXGLPooler           - Default pool size for objects = 128
09:08:52.462 [FXGL Launcher Thread     ] DEBUG FXGL                 - Service <<Pooler>> initialized
09:08:52.463 [FXGL Launcher Thread     ] DEBUG FXGL                 - Service <<ExceptionHandler>> initialized
09:08:52.463 [FXGL Launcher Thread     ] DEBUG FXGL                 - Service <<UIFactory>> initialized
09:08:52.463 [FXGL Launcher Thread     ] DEBUG FXGL                 - Service <<DialogFactory>> initialized
09:08:52.463 [FXGL Launcher Thread     ] DEBUG FXGL                 - Service <<SceneFactory>> initialized
09:08:52.463 [FXGL Launcher Thread     ] DEBUG FXGL                 - Loading FXGL system data
09:08:52.469 [FXGL Launcher Thread     ] DEBUG IOTask               - Executing task: readDataTask(system/fxgl.bundle)
09:08:52.475 [FXGL Launcher Thread     ] DEBUG FS                   - Reading from: system\fxgl.bundle
09:08:52.491 [FXGL Launcher Thread     ] DEBUG IOTask               - Task succeeded: readDataTask(system/fxgl.bundle)
09:08:52.491 [FXGL Launcher Thread     ] DEBUG Bundle               - Logging bundle: FXGL
09:08:52.492 [FXGL Launcher Thread     ] DEBUG Bundle               - FXGL.offline.timer.version.check=2022-12-06T00:23:55.142
09:08:52.492 [FXGL Launcher Thread     ] DEBUG GameApplication      - FXGL configuration complete
09:08:52.493 [FXGL Launcher Thread     ] INFO  GameApplication      - FXGL configuration took:  1.457 sec
09:08:52.493 [FXGL Launcher Thread     ] DEBUG GameApplication      - Logging game settings
Title: Shmup
Version: 0.1
Width: 800
Height: 600
Fullscreen: false
Intro: false
Menus: false
Profiling: false
App Mode: DEVELOPER
Menu Key: ESCAPE
Services: []
09:08:52.519 [FXGL Launcher Thread     ] DEBUG GameApplication      - Configuring GameApplication
09:08:52.520 [FXGL Launcher Thread     ] DEBUG AppStateMachine      - Initializing application states
09:08:52.525 [FXGL Launcher Thread     ] DEBUG FXGLAssetLoader      - Loading from disk: /assets/ui/cursors/fxgl_default.png
09:08:52.532 [FXGL Launcher Thread     ] DEBUG FXGLAssetLoader      - Loading from disk: /assets/ui/cursors/fxgl_default.png
09:08:52.590 [FXGL Launcher Thread     ] DEBUG GameWorld            - Game world initialized
09:08:52.650 [FXGL Launcher Thread     ] DEBUG PhysicsWorld         - Physics world initialized: appHeight=600, physics.ppm=50.0
09:08:52.661 [FXGL Launcher Thread     ] DEBUG FXGLAssetLoader      - Loading from disk: /assets/ui/cursors/fxgl_default.png
09:08:52.716 [FXGL Launcher Thread     ] DEBUG GameScene            - Game scene initialized: 800x600
09:08:52.742 [FXGL Launcher Thread     ] DEBUG Input                - Registered new binding: Pause - Esc
09:08:52.756 [FXGL Launcher Thread     ] INFO  GameApplication      - Game configuration took:  0.237 sec
09:08:52.768 [JavaFX Application Thread] DEBUG FXGLDisplay          - Target size: DoubleProperty [value: 800.0] x DoubleProperty [value: 600.0] @ 1.0
09:08:52.768 [JavaFX Application Thread] DEBUG FXGLDisplay          - New size:    800.0 x 600.0 @ DoubleProperty [value: 1.0]
09:08:52.768 [JavaFX Application Thread] DEBUG FXGLDisplay          - Opening primary stage
09:08:52.810 [JavaFX Application Thread] DEBUG FXGLDisplay          - Stage shown
09:08:52.811 [JavaFX Application Thread] DEBUG FXGLDisplay          - Root size: 800.0x600.0
09:08:52.811 [JavaFX Application Thread] DEBUG FXGLDisplay          - Scene size: 800.0x600.0
09:08:52.811 [JavaFX Application Thread] DEBUG FXGLDisplay          - Stage size: 818.0x647.0
09:08:52.839 [JavaFX Application Thread] DEBUG GameApplication      - Running preInit()
09:08:52.844 [JavaFX Application Thread] DEBUG Input                - Registered new binding: Screenshot - P
09:08:52.845 [JavaFX Application Thread] DEBUG Input                - Registered new binding: Dev Options - CTRL+0
09:08:52.846 [JavaFX Application Thread] DEBUG Input                - Registered new binding: Move Up - W
09:08:52.846 [JavaFX Application Thread] DEBUG Input                - Registered new binding: Move Left - A
09:08:52.847 [JavaFX Application Thread] DEBUG Input                - Registered new binding: Move Down - S
09:08:52.847 [JavaFX Application Thread] DEBUG Input                - Registered new binding: Move Right - D
09:08:52.849 [JavaFX Application Thread] DEBUG Input                - Registered new binding: Paws - Space
09:08:52.849 [JavaFX Application Thread] DEBUG Input                - Registered new binding: Shoot Bullet - H
09:08:52.849 [JavaFX Application Thread] DEBUG Input                - Registered new binding: Use a bomb - J
09:08:52.852 [JavaFX Application Thread] DEBUG FXGLAssetLoader      - Loading from disk: /assets/music/Shump.mp3
09:08:53.452 [JavaFX Application Thread] DEBUG FXGLAudioPlayer      - Playing music Music [balance=0.0, volume=1.0, rate=1.0, cycleCount=2147483647]
09:08:53.506 [JavaFX Application Thread] DEBUG GameApplication      - Starting main loop
09:08:53.513 [JavaFX Application Thread] DEBUG StartupState         - STARTUP
09:08:53.513 [JavaFX Application Thread] DEBUG GameApplication      - Starting new game
09:08:53.514 [JavaFX Application Thread] DEBUG Input                - Clearing active input actions
09:08:53.514 [JavaFX Application Thread] DEBUG AppStateMachine      - StartupState -> LoadingState
09:08:53.647 [JavaFX Application Thread] DEBUG InitAppTask          - @AddCollisionHandler: []
09:08:53.647 [JavaFX Application Thread] DEBUG InitAppTask          - @SetEntityFactory: [ShmupFactory]
09:08:53.652 [FXGL Background Thread 1 ] DEBUG InitAppTask          - Clearing previous game
09:08:53.652 [FXGL Background Thread 1 ] DEBUG GameWorld            - Clearing game world
09:08:53.654 [FXGL Background Thread 1 ] DEBUG PhysicsWorld         - Clearing physics world
09:08:53.654 [FXGL Background Thread 1 ] DEBUG GameScene            - Clearing game scene
09:08:53.654 [FXGL Background Thread 1 ] DEBUG InitAppTask          - Initializing Assets
09:08:53.655 [FXGL Background Thread 1 ] DEBUG InitAppTask          - Initializing Game
09:08:53.689 [FXGL Background Thread 1 ] DEBUG FXGLAssetLoader      - Loading from disk: /assets/textures/spacebackground.gif
09:08:53.973 [FXGL Background Thread 1 ] DEBUG GameScene            - Creating render group for layer: BACKGROUND(1000)
09:08:53.977 [FXGL Background Thread 1 ] DEBUG FXGLAssetLoader      - Loading from disk: /assets/textures/plane0t.png
09:08:53.991 [FXGL Background Thread 1 ] DEBUG GameScene            - Creating render group for layer: TOP(2147483647)
09:08:53.996 [FXGL Background Thread 1 ] DEBUG FXGLAssetLoader      - Loading from disk: /assets/textures/cfodder.png
09:08:54.001 [FXGL Background Thread 1 ] DEBUG IOTask               - Executing task: readDataTask(./highscore.dat)
09:08:54.002 [FXGL Background Thread 1 ] DEBUG FS                   - Reading from: .\highscore.dat
09:08:54.004 [FXGL Background Thread 1 ] DEBUG IOTask               - Task succeeded: readDataTask(./highscore.dat)
09:08:54.004 [FXGL Background Thread 1 ] DEBUG InitAppTask          - Initializing Physics
09:08:54.005 [FXGL Background Thread 1 ] DEBUG InitAppTask          - Initializing UI
09:08:54.007 [FXGL Background Thread 1 ] DEBUG FXGLAssetLoader      - Loading from disk: /assets/ui/main.fxml
09:08:54.186 [FXGL Background Thread 1 ] DEBUG InitAppTask          - Initialization Complete
09:08:54.186 [FXGL Background Thread 1 ] INFO  InitAppTask          - Game initialization took: 0.534 sec
09:08:54.195 [JavaFX Application Thread] DEBUG Input                - Clearing active input actions
09:08:54.195 [JavaFX Application Thread] DEBUG AppStateMachine      - LoadingState -> PlayState
09:08:54.598 [JavaFX Application Thread] DEBUG Input                - Registered new binding: Unpause - Space
09:08:54.598 [JavaFX Application Thread] DEBUG AppStateMachine      - Push state: PauseState
09:08:54.598 [JavaFX Application Thread] DEBUG Input                - Clearing active input actions
09:08:54.598 [JavaFX Application Thread] DEBUG AppStateMachine      - PlayState -> PauseState
09:09:10.595 [JavaFX Application Thread] DEBUG AppStateMachine      - Pop state: PauseState
09:09:10.595 [JavaFX Application Thread] DEBUG Input                - Clearing active input actions
09:09:10.595 [JavaFX Application Thread] DEBUG AppStateMachine      - PlayState <- PauseState
09:09:11.090 [JavaFX Application Thread] DEBUG FXGLAssetLoader      - Loading from disk: /assets/textures/bullet.png
09:09:11.305 [JavaFX Application Thread] DEBUG FXGLAssetLoader      - Loading from cache: /assets/textures/bullet.png
09:09:11.427 [JavaFX Application Thread] DEBUG FXGLAssetLoader      - Loading from cache: /assets/textures/cfodder.png
09:09:11.489 [JavaFX Application Thread] DEBUG FXGLAssetLoader      - Loading from cache: /assets/textures/bullet.png
09:09:11.672 [JavaFX Application Thread] DEBUG FXGLAssetLoader      - Loading from cache: /assets/textures/bullet.png
09:09:12.034 [JavaFX Application Thread] DEBUG FXGLAssetLoader      - Loading from cache: /assets/textures/bullet.png
09:09:12.306 [JavaFX Application Thread] DEBUG FXGLAssetLoader      - Loading from cache: /assets/textures/bullet.png
09:09:12.586 [JavaFX Application Thread] DEBUG FXGLAssetLoader      - Loading from disk: /assets/textures/cfodder2.png
09:09:12.592 [JavaFX Application Thread] DEBUG FXGLAssetLoader      - Loading from disk: /assets/textures/cbullet.png
09:09:12.971 [JavaFX Application Thread] DEBUG FXGLAssetLoader      - Loading from cache: /assets/textures/bullet.png
09:09:13.295 [JavaFX Application Thread] DEBUG FXGLAssetLoader      - Loading from cache: /assets/textures/cbullet.png
09:09:13.421 [JavaFX Application Thread] DEBUG FXGLAssetLoader      - Loading from cache: /assets/textures/bullet.png
09:09:13.680 [JavaFX Application Thread] DEBUG FXGLAssetLoader      - Loading from cache: /assets/textures/bullet.png
09:09:13.712 [JavaFX Application Thread] DEBUG FXGLAssetLoader      - Loading from cache: /assets/textures/cfodder.png
09:09:13.933 [JavaFX Application Thread] DEBUG FXGLAssetLoader      - Loading from cache: /assets/textures/bullet.png
09:09:14.002 [JavaFX Application Thread] DEBUG FXGLAssetLoader      - Loading from cache: /assets/textures/cbullet.png
09:09:14.115 [JavaFX Application Thread] DEBUG FXGLAssetLoader      - Loading from cache: /assets/textures/plane0t.png
09:09:14.129 [JavaFX Application Thread] DEBUG FXGLAssetLoader      - Loading from cache: /assets/textures/bullet.png
09:09:14.296 [JavaFX Application Thread] DEBUG FXGLAssetLoader      - Loading from cache: /assets/textures/bullet.png
09:09:14.704 [JavaFX Application Thread] DEBUG FXGLAssetLoader      - Loading from cache: /assets/textures/cbullet.png
09:09:14.835 [JavaFX Application Thread] DEBUG FXGLAssetLoader      - Loading from cache: /assets/textures/cfodder.png
09:09:14.955 [JavaFX Application Thread] DEBUG FXGLAssetLoader      - Loading from cache: /assets/textures/bullet.png
09:09:15.135 [JavaFX Application Thread] DEBUG FXGLAssetLoader      - Loading from cache: /assets/textures/bullet.png
09:09:15.298 [JavaFX Application Thread] DEBUG FXGLAssetLoader      - Loading from cache: /assets/textures/bullet.png
09:09:15.404 [JavaFX Application Thread] DEBUG FXGLAssetLoader      - Loading from cache: /assets/textures/cbullet.png
09:09:15.475 [JavaFX Application Thread] DEBUG FXGLAssetLoader      - Loading from cache: /assets/textures/bullet.png
09:09:15.677 [JavaFX Application Thread] DEBUG FXGLAssetLoader      - Loading from cache: /assets/textures/bullet.png
09:09:15.896 [JavaFX Application Thread] DEBUG FXGLAssetLoader      - Loading from cache: /assets/textures/bullet.png
09:09:15.955 [JavaFX Application Thread] DEBUG FXGLAssetLoader      - Loading from cache: /assets/textures/cfodder.png
09:09:16.055 [JavaFX Application Thread] DEBUG FXGLAssetLoader      - Loading from cache: /assets/textures/bullet.png
09:09:16.099 [JavaFX Application Thread] DEBUG FXGLAssetLoader      - Loading from cache: /assets/textures/cbullet.png
09:09:16.280 [JavaFX Application Thread] DEBUG FXGLAssetLoader      - Loading from cache: /assets/textures/bullet.png
09:09:16.488 [JavaFX Application Thread] DEBUG FXGLAssetLoader      - Loading from cache: /assets/textures/bullet.png
09:09:16.668 [JavaFX Application Thread] DEBUG FXGLAssetLoader      - Loading from cache: /assets/textures/bullet.png
09:09:16.804 [JavaFX Application Thread] DEBUG FXGLAssetLoader      - Loading from cache: /assets/textures/cbullet.png
09:09:16.911 [JavaFX Application Thread] DEBUG FXGLAssetLoader      - Loading from cache: /assets/textures/bullet.png
09:09:17.086 [JavaFX Application Thread] DEBUG FXGLAssetLoader      - Loading from cache: /assets/textures/cfodder.png
09:09:17.146 [JavaFX Application Thread] DEBUG FXGLAssetLoader      - Loading from cache: /assets/textures/bullet.png
09:09:17.337 [JavaFX Application Thread] DEBUG FXGLAssetLoader      - Loading from cache: /assets/textures/bullet.png
09:09:17.504 [JavaFX Application Thread] DEBUG FXGLAssetLoader      - Loading from cache: /assets/textures/cbullet.png
09:09:17.814 [JavaFX Application Thread] DEBUG FXGLAssetLoader      - Loading from cache: /assets/textures/bullet.png
09:09:18.026 [JavaFX Application Thread] DEBUG FXGLAssetLoader      - Loading from cache: /assets/textures/bullet.png
09:09:18.204 [JavaFX Application Thread] DEBUG FXGLAssetLoader      - Loading from cache: /assets/textures/cbullet.png
09:09:18.211 [JavaFX Application Thread] DEBUG FXGLAssetLoader      - Loading from cache: /assets/textures/cfodder2.png
09:09:18.212 [JavaFX Application Thread] DEBUG FXGLAssetLoader      - Loading from cache: /assets/textures/cbullet.png
09:09:18.296 [JavaFX Application Thread] DEBUG FXGLAssetLoader      - Loading from cache: /assets/textures/bullet.png
09:09:18.488 [JavaFX Application Thread] DEBUG FXGLAssetLoader      - Loading from cache: /assets/textures/bullet.png
09:09:18.730 [JavaFX Application Thread] DEBUG FXGLAssetLoader      - Loading from cache: /assets/textures/bullet.png
09:09:18.912 [JavaFX Application Thread] DEBUG FXGLAssetLoader      - Loading from cache: /assets/textures/cbullet.png
09:09:18.930 [JavaFX Application Thread] DEBUG FXGLAssetLoader      - Loading from cache: /assets/textures/bullet.png
09:09:19.121 [JavaFX Application Thread] DEBUG FXGLAssetLoader      - Loading from cache: /assets/textures/bullet.png
09:09:19.310 [JavaFX Application Thread] DEBUG FXGLAssetLoader      - Loading from cache: /assets/textures/bullet.png
09:09:19.331 [JavaFX Application Thread] DEBUG FXGLAssetLoader      - Loading from cache: /assets/textures/cfodder2.png
09:09:19.332 [JavaFX Application Thread] DEBUG FXGLAssetLoader      - Loading from cache: /assets/textures/cbullet.png
09:09:19.501 [JavaFX Application Thread] DEBUG FXGLAssetLoader      - Loading from cache: /assets/textures/bullet.png
09:09:19.619 [JavaFX Application Thread] DEBUG FXGLAssetLoader      - Loading from cache: /assets/textures/cbullet.png
09:09:19.714 [JavaFX Application Thread] DEBUG FXGLAssetLoader      - Loading from cache: /assets/textures/bullet.png
09:09:19.890 [JavaFX Application Thread] DEBUG FXGLAssetLoader      - Loading from cache: /assets/textures/bullet.png
09:09:20.073 [JavaFX Application Thread] DEBUG FXGLAssetLoader      - Loading from cache: /assets/textures/bullet.png
09:09:20.253 [JavaFX Application Thread] DEBUG FXGLAssetLoader      - Loading from cache: /assets/textures/bullet.png
09:09:20.323 [JavaFX Application Thread] DEBUG FXGLAssetLoader      - Loading from cache: /assets/textures/cbullet.png
09:09:20.441 [JavaFX Application Thread] DEBUG FXGLAssetLoader      - Loading from cache: /assets/textures/bullet.png
09:09:20.462 [JavaFX Application Thread] DEBUG FXGLAssetLoader      - Loading from cache: /assets/textures/cfodder.png
09:09:21.006 [JavaFX Application Thread] DEBUG Input                - Registered new binding: Unpause - Space
09:09:21.006 [JavaFX Application Thread] DEBUG AppStateMachine      - Push state: PauseState
09:09:21.006 [JavaFX Application Thread] DEBUG Input                - Clearing active input actions
09:09:21.006 [JavaFX Application Thread] DEBUG AppStateMachine      - PlayState -> PauseState
09:09:21.698 [JavaFX Application Thread] DEBUG AppStateMachine      - Pop state: PauseState
09:09:21.698 [JavaFX Application Thread] DEBUG Input                - Clearing active input actions
09:09:21.698 [JavaFX Application Thread] DEBUG AppStateMachine      - PlayState <- PauseState
09:09:21.714 [JavaFX Application Thread] DEBUG FXGLAssetLoader      - Loading from cache: /assets/textures/cbullet.png
09:09:21.947 [JavaFX Application Thread] DEBUG FXGLAssetLoader      - Loading from cache: /assets/textures/bullet.png
09:09:22.137 [JavaFX Application Thread] DEBUG FXGLAssetLoader      - Loading from cache: /assets/textures/bullet.png
09:09:22.270 [JavaFX Application Thread] DEBUG FXGLAssetLoader      - Loading from cache: /assets/textures/cfodder2.png
09:09:22.273 [JavaFX Application Thread] DEBUG FXGLAssetLoader      - Loading from cache: /assets/textures/cbullet.png
09:09:22.403 [JavaFX Application Thread] DEBUG Input                - Registered new binding: Unpause - Space
09:09:22.403 [JavaFX Application Thread] DEBUG AppStateMachine      - Push state: PauseState
09:09:22.404 [JavaFX Application Thread] DEBUG Input                - Clearing active input actions
09:09:22.404 [JavaFX Application Thread] DEBUG AppStateMachine      - PlayState -> PauseState
09:09:31.987 [JavaFX Application Thread] DEBUG AppStateMachine      - Pop state: PauseState
09:09:31.987 [JavaFX Application Thread] DEBUG Input                - Clearing active input actions
09:09:31.987 [JavaFX Application Thread] DEBUG AppStateMachine      - PlayState <- PauseState
09:09:32.003 [JavaFX Application Thread] DEBUG FXGLAssetLoader      - Loading from cache: /assets/textures/cbullet.png
09:09:32.214 [JavaFX Application Thread] DEBUG FXGLAssetLoader      - Loading from cache: /assets/textures/bullet.png
09:09:32.380 [JavaFX Application Thread] DEBUG FXGLAssetLoader      - Loading from cache: /assets/textures/bullet.png
09:09:32.538 [JavaFX Application Thread] DEBUG FXGLAssetLoader      - Loading from cache: /assets/textures/bullet.png
09:09:32.555 [JavaFX Application Thread] DEBUG FXGLAssetLoader      - Loading from cache: /assets/textures/cbullet.png
09:09:32.683 [JavaFX Application Thread] DEBUG FXGLAssetLoader      - Loading from cache: /assets/textures/bullet.png
09:09:32.707 [JavaFX Application Thread] DEBUG FXGLAssetLoader      - Loading from cache: /assets/textures/cbullet.png
09:09:32.842 [JavaFX Application Thread] DEBUG FXGLAssetLoader      - Loading from cache: /assets/textures/bullet.png
09:09:32.963 [JavaFX Application Thread] DEBUG FXGLAssetLoader      - Loading from cache: /assets/textures/cfodder.png
09:09:33.000 [JavaFX Application Thread] DEBUG FXGLAssetLoader      - Loading from cache: /assets/textures/bullet.png
09:09:33.165 [JavaFX Application Thread] DEBUG FXGLAssetLoader      - Loading from cache: /assets/textures/bullet.png
09:09:33.262 [JavaFX Application Thread] DEBUG FXGLAssetLoader      - Loading from cache: /assets/textures/cbullet.png
09:09:33.313 [JavaFX Application Thread] DEBUG FXGLAssetLoader      - Loading from cache: /assets/textures/bullet.png
09:09:33.420 [JavaFX Application Thread] DEBUG FXGLAssetLoader      - Loading from cache: /assets/textures/cbullet.png
09:09:33.555 [JavaFX Application Thread] DEBUG FXGLAssetLoader      - Loading from cache: /assets/textures/bullet.png
09:09:33.713 [JavaFX Application Thread] DEBUG FXGLAssetLoader      - Loading from cache: /assets/textures/bullet.png
09:09:33.896 [JavaFX Application Thread] DEBUG FXGLAssetLoader      - Loading from cache: /assets/textures/bullet.png
09:09:33.970 [JavaFX Application Thread] DEBUG FXGLAssetLoader      - Loading from cache: /assets/textures/cbullet.png
09:09:34.075 [JavaFX Application Thread] DEBUG FXGLAssetLoader      - Loading from cache: /assets/textures/bullet.png
09:09:34.095 [JavaFX Application Thread] DEBUG FXGLAssetLoader      - Loading from cache: /assets/textures/cfodder.png
09:09:34.128 [JavaFX Application Thread] DEBUG FXGLAssetLoader      - Loading from cache: /assets/textures/cbullet.png
09:09:34.206 [JavaFX Application Thread] DEBUG FXGLAssetLoader      - Loading from disk: /assets/textures/upgrade.png
09:09:34.262 [JavaFX Application Thread] DEBUG FXGLAssetLoader      - Loading from cache: /assets/textures/bullet.png
09:09:34.435 [JavaFX Application Thread] DEBUG FXGLAssetLoader      - Loading from cache: /assets/textures/bullet.png
09:09:34.606 [JavaFX Application Thread] DEBUG FXGLAssetLoader      - Loading from cache: /assets/textures/bullet.png
09:09:34.835 [JavaFX Application Thread] DEBUG FXGLAssetLoader      - Loading from cache: /assets/textures/cbullet.png
09:09:34.879 [JavaFX Application Thread] DEBUG FXGLAssetLoader      - Loading from cache: /assets/textures/bullet.png
09:09:34.880 [JavaFX Application Thread] DEBUG FXGLAssetLoader      - Loading from cache: /assets/textures/bullet.png
09:09:35.042 [JavaFX Application Thread] DEBUG FXGLAssetLoader      - Loading from cache: /assets/textures/bullet.png
09:09:35.043 [JavaFX Application Thread] DEBUG FXGLAssetLoader      - Loading from cache: /assets/textures/bullet.png
09:09:35.219 [JavaFX Application Thread] DEBUG FXGLAssetLoader      - Loading from cache: /assets/textures/cfodder.png
09:09:35.255 [JavaFX Application Thread] DEBUG FXGLAssetLoader      - Loading from cache: /assets/textures/bullet.png
09:09:35.256 [JavaFX Application Thread] DEBUG FXGLAssetLoader      - Loading from cache: /assets/textures/bullet.png
09:09:35.403 [JavaFX Application Thread] DEBUG Input                - Registered new binding: Unpause - Space
09:09:35.403 [JavaFX Application Thread] DEBUG AppStateMachine      - Push state: PauseState
09:09:35.403 [JavaFX Application Thread] DEBUG Input                - Clearing active input actions
09:09:35.403 [JavaFX Application Thread] DEBUG AppStateMachine      - PlayState -> PauseState
09:09:46.739 [JavaFX Application Thread] DEBUG AppStateMachine      - Pop state: PauseState
09:09:46.739 [JavaFX Application Thread] DEBUG Input                - Clearing active input actions
09:09:46.739 [JavaFX Application Thread] DEBUG AppStateMachine      - PlayState <- PauseState
09:09:46.867 [JavaFX Application Thread] DEBUG FXGLAssetLoader      - Loading from cache: /assets/textures/cbullet.png
09:09:47.014 [JavaFX Application Thread] DEBUG FXGLAssetLoader      - Loading from cache: /assets/textures/bullet.png
09:09:47.015 [JavaFX Application Thread] DEBUG FXGLAssetLoader      - Loading from cache: /assets/textures/bullet.png
09:09:47.198 [JavaFX Application Thread] DEBUG FXGLAssetLoader      - Loading from cache: /assets/textures/bullet.png
09:09:47.199 [JavaFX Application Thread] DEBUG FXGLAssetLoader      - Loading from cache: /assets/textures/bullet.png
09:09:47.361 [JavaFX Application Thread] DEBUG FXGLAssetLoader      - Loading from cache: /assets/textures/bullet.png
09:09:47.362 [JavaFX Application Thread] DEBUG FXGLAssetLoader      - Loading from cache: /assets/textures/bullet.png
09:09:47.519 [JavaFX Application Thread] DEBUG FXGLAssetLoader      - Loading from cache: /assets/textures/bullet.png
09:09:47.520 [JavaFX Application Thread] DEBUG FXGLAssetLoader      - Loading from cache: /assets/textures/bullet.png
09:09:47.579 [JavaFX Application Thread] DEBUG FXGLAssetLoader      - Loading from cache: /assets/textures/cbullet.png
09:09:47.667 [JavaFX Application Thread] DEBUG FXGLAssetLoader      - Loading from cache: /assets/textures/cfodder.png
09:09:47.681 [JavaFX Application Thread] DEBUG FXGLAssetLoader      - Loading from cache: /assets/textures/bullet.png
09:09:47.682 [JavaFX Application Thread] DEBUG FXGLAssetLoader      - Loading from cache: /assets/textures/bullet.png
09:09:47.845 [JavaFX Application Thread] DEBUG FXGLAssetLoader      - Loading from cache: /assets/textures/bullet.png
09:09:47.847 [JavaFX Application Thread] DEBUG FXGLAssetLoader      - Loading from cache: /assets/textures/bullet.png
09:09:48.083 [JavaFX Application Thread] DEBUG Input                - Registered new binding: Unpause - Space
09:09:48.083 [JavaFX Application Thread] DEBUG AppStateMachine      - Push state: PauseState
09:09:48.083 [JavaFX Application Thread] DEBUG Input                - Clearing active input actions
09:09:48.083 [JavaFX Application Thread] DEBUG AppStateMachine      - PlayState -> PauseState
09:09:50.371 [JavaFX Application Thread] DEBUG AppStateMachine      - Pop state: PauseState
09:09:50.371 [JavaFX Application Thread] DEBUG Input                - Clearing active input actions
09:09:50.371 [JavaFX Application Thread] DEBUG AppStateMachine      - PlayState <- PauseState
09:09:50.562 [JavaFX Application Thread] DEBUG FXGLAssetLoader      - Loading from cache: /assets/textures/cbullet.png
09:09:50.706 [JavaFX Application Thread] DEBUG FXGLAssetLoader      - Loading from cache: /assets/textures/bullet.png
09:09:50.707 [JavaFX Application Thread] DEBUG FXGLAssetLoader      - Loading from cache: /assets/textures/bullet.png
09:09:50.853 [JavaFX Application Thread] DEBUG FXGLAssetLoader      - Loading from cache: /assets/textures/bullet.png
09:09:50.855 [JavaFX Application Thread] DEBUG FXGLAssetLoader      - Loading from cache: /assets/textures/bullet.png
09:09:51.027 [JavaFX Application Thread] DEBUG FXGLAssetLoader      - Loading from cache: /assets/textures/bullet.png
09:09:51.028 [JavaFX Application Thread] DEBUG FXGLAssetLoader      - Loading from cache: /assets/textures/bullet.png
09:09:51.069 [JavaFX Application Thread] DEBUG FXGLAssetLoader      - Loading from cache: /assets/textures/cfodder.png
09:09:51.207 [JavaFX Application Thread] DEBUG FXGLAssetLoader      - Loading from cache: /assets/textures/bullet.png
09:09:51.208 [JavaFX Application Thread] DEBUG FXGLAssetLoader      - Loading from cache: /assets/textures/bullet.png
09:09:51.267 [JavaFX Application Thread] DEBUG FXGLAssetLoader      - Loading from cache: /assets/textures/cbullet.png
09:09:51.390 [JavaFX Application Thread] DEBUG FXGLAssetLoader      - Loading from cache: /assets/textures/bullet.png
09:09:51.391 [JavaFX Application Thread] DEBUG FXGLAssetLoader      - Loading from cache: /assets/textures/bullet.png
09:09:51.578 [JavaFX Application Thread] DEBUG FXGLAssetLoader      - Loading from cache: /assets/textures/bullet.png
09:09:51.579 [JavaFX Application Thread] DEBUG FXGLAssetLoader      - Loading from cache: /assets/textures/bullet.png
09:09:51.754 [JavaFX Application Thread] DEBUG FXGLAssetLoader      - Loading from cache: /assets/textures/bullet.png
09:09:51.768 [JavaFX Application Thread] DEBUG FXGLAssetLoader      - Loading from cache: /assets/textures/bullet.png
09:09:51.917 [JavaFX Application Thread] DEBUG FXGLAssetLoader      - Loading from cache: /assets/textures/bullet.png
09:09:51.917 [JavaFX Application Thread] DEBUG FXGLAssetLoader      - Loading from cache: /assets/textures/bullet.png
09:09:51.978 [JavaFX Application Thread] DEBUG FXGLAssetLoader      - Loading from cache: /assets/textures/cbullet.png
09:09:52.083 [JavaFX Application Thread] DEBUG FXGLAssetLoader      - Loading from cache: /assets/textures/bullet.png
09:09:52.083 [JavaFX Application Thread] DEBUG FXGLAssetLoader      - Loading from cache: /assets/textures/bullet.png
09:09:52.195 [JavaFX Application Thread] DEBUG FXGLAssetLoader      - Loading from cache: /assets/textures/cfodder2.png
09:09:52.197 [JavaFX Application Thread] DEBUG FXGLAssetLoader      - Loading from cache: /assets/textures/cbullet.png
09:09:52.199 [JavaFX Application Thread] DEBUG FXGLAssetLoader      - Loading from disk: /assets/textures/Boss.png
09:09:52.248 [JavaFX Application Thread] DEBUG FXGLAssetLoader      - Loading from disk: /assets/textures/bbullet.png
09:09:52.250 [JavaFX Application Thread] DEBUG FXGLAssetLoader      - Loading from cache: /assets/textures/bbullet.png
09:09:52.255 [JavaFX Application Thread] DEBUG FXGLAssetLoader      - Loading from cache: /assets/textures/bullet.png
09:09:52.255 [JavaFX Application Thread] DEBUG FXGLAssetLoader      - Loading from cache: /assets/textures/bullet.png
09:09:52.329 [JavaFX Application Thread] DEBUG FXGLAssetLoader      - Loading from cache: /assets/textures/bbullet.png
09:09:52.330 [JavaFX Application Thread] DEBUG FXGLAssetLoader      - Loading from cache: /assets/textures/bbullet.png
09:09:52.411 [JavaFX Application Thread] DEBUG FXGLAssetLoader      - Loading from cache: /assets/textures/bbullet.png
09:09:52.412 [JavaFX Application Thread] DEBUG FXGLAssetLoader      - Loading from cache: /assets/textures/bbullet.png
09:09:52.418 [JavaFX Application Thread] DEBUG FXGLAssetLoader      - Loading from cache: /assets/textures/bullet.png
09:09:52.419 [JavaFX Application Thread] DEBUG FXGLAssetLoader      - Loading from cache: /assets/textures/bullet.png
09:09:52.495 [JavaFX Application Thread] DEBUG FXGLAssetLoader      - Loading from cache: /assets/textures/bbullet.png
09:09:52.496 [JavaFX Application Thread] DEBUG FXGLAssetLoader      - Loading from cache: /assets/textures/bbullet.png
09:09:52.578 [JavaFX Application Thread] DEBUG FXGLAssetLoader      - Loading from cache: /assets/textures/bbullet.png
09:09:52.579 [JavaFX Application Thread] DEBUG FXGLAssetLoader      - Loading from cache: /assets/textures/bbullet.png
09:09:52.582 [JavaFX Application Thread] DEBUG FXGLAssetLoader      - Loading from cache: /assets/textures/bullet.png
09:09:52.583 [JavaFX Application Thread] DEBUG FXGLAssetLoader      - Loading from cache: /assets/textures/bullet.png
09:09:52.659 [JavaFX Application Thread] DEBUG FXGLAssetLoader      - Loading from cache: /assets/textures/bbullet.png
09:09:52.660 [JavaFX Application Thread] DEBUG FXGLAssetLoader      - Loading from cache: /assets/textures/bbullet.png
09:09:52.723 [JavaFX Application Thread] DEBUG FXGLAssetLoader      - Loading from cache: /assets/textures/cbullet.png
09:09:52.739 [JavaFX Application Thread] DEBUG FXGLAssetLoader      - Loading from cache: /assets/textures/bbullet.png
09:09:52.740 [JavaFX Application Thread] DEBUG FXGLAssetLoader      - Loading from cache: /assets/textures/bbullet.png
09:09:52.745 [JavaFX Application Thread] DEBUG FXGLAssetLoader      - Loading from cache: /assets/textures/bullet.png
09:09:52.746 [JavaFX Application Thread] DEBUG FXGLAssetLoader      - Loading from cache: /assets/textures/bullet.png
09:09:52.829 [JavaFX Application Thread] DEBUG FXGLAssetLoader      - Loading from cache: /assets/textures/bbullet.png
09:09:52.830 [JavaFX Application Thread] DEBUG FXGLAssetLoader      - Loading from cache: /assets/textures/bbullet.png
09:09:52.903 [JavaFX Application Thread] DEBUG FXGLAssetLoader      - Loading from cache: /assets/textures/bullet.png
09:09:52.904 [JavaFX Application Thread] DEBUG FXGLAssetLoader      - Loading from cache: /assets/textures/bullet.png
09:09:52.911 [JavaFX Application Thread] DEBUG FXGLAssetLoader      - Loading from cache: /assets/textures/bbullet.png
09:09:52.912 [JavaFX Application Thread] DEBUG FXGLAssetLoader      - Loading from cache: /assets/textures/bbullet.png
09:09:52.944 [JavaFX Application Thread] DEBUG FXGLAssetLoader      - Loading from cache: /assets/textures/cbullet.png
09:09:52.995 [JavaFX Application Thread] DEBUG FXGLAssetLoader      - Loading from cache: /assets/textures/bbullet.png
09:09:52.996 [JavaFX Application Thread] DEBUG FXGLAssetLoader      - Loading from cache: /assets/textures/bbullet.png
09:09:53.065 [JavaFX Application Thread] DEBUG FXGLAssetLoader      - Loading from cache: /assets/textures/bullet.png
09:09:53.065 [JavaFX Application Thread] DEBUG FXGLAssetLoader      - Loading from cache: /assets/textures/bullet.png
09:09:53.075 [JavaFX Application Thread] DEBUG FXGLAssetLoader      - Loading from cache: /assets/textures/bbullet.png
09:09:53.075 [JavaFX Application Thread] DEBUG FXGLAssetLoader      - Loading from cache: /assets/textures/bbullet.png
09:09:53.155 [JavaFX Application Thread] DEBUG FXGLAssetLoader      - Loading from cache: /assets/textures/bbullet.png
09:09:53.156 [JavaFX Application Thread] DEBUG FXGLAssetLoader      - Loading from cache: /assets/textures/bbullet.png
09:09:53.245 [JavaFX Application Thread] DEBUG Input                - Registered new binding: Unpause - Space
09:09:53.245 [JavaFX Application Thread] DEBUG AppStateMachine      - Push state: PauseState
09:09:53.245 [JavaFX Application Thread] DEBUG Input                - Clearing active input actions
09:09:53.245 [JavaFX Application Thread] DEBUG AppStateMachine      - PlayState -> PauseState
09:09:53.246 [JavaFX Application Thread] DEBUG FXGLAssetLoader      - Loading from cache: /assets/textures/bbullet.png
09:09:53.247 [JavaFX Application Thread] DEBUG FXGLAssetLoader      - Loading from cache: /assets/textures/bbullet.png
09:10:03.747 [JavaFX Application Thread] DEBUG AppStateMachine      - Pop state: PauseState
09:10:03.747 [JavaFX Application Thread] DEBUG Input                - Clearing active input actions
09:10:03.747 [JavaFX Application Thread] DEBUG AppStateMachine      - PlayState <- PauseState
09:10:03.819 [JavaFX Application Thread] DEBUG FXGLAssetLoader      - Loading from cache: /assets/textures/bbullet.png
09:10:03.820 [JavaFX Application Thread] DEBUG FXGLAssetLoader      - Loading from cache: /assets/textures/bbullet.png
09:10:03.902 [JavaFX Application Thread] DEBUG FXGLAssetLoader      - Loading from cache: /assets/textures/bbullet.png
09:10:03.904 [JavaFX Application Thread] DEBUG FXGLAssetLoader      - Loading from cache: /assets/textures/bbullet.png
09:10:03.922 [JavaFX Application Thread] DEBUG FXGLAssetLoader      - Loading from cache: /assets/textures/cbullet.png
09:10:03.986 [JavaFX Application Thread] DEBUG FXGLAssetLoader      - Loading from cache: /assets/textures/bbullet.png
09:10:03.988 [JavaFX Application Thread] DEBUG FXGLAssetLoader      - Loading from cache: /assets/textures/bbullet.png
09:10:04.032 [JavaFX Application Thread] DEBUG AppStateMachine      - Push state: DialogSubState
09:10:04.033 [JavaFX Application Thread] DEBUG Input                - Clearing active input actions
09:10:04.033 [JavaFX Application Thread] DEBUG AppStateMachine      - PlayState -> DialogSubState
09:11:03.643 [JavaFX Application Thread] DEBUG AppStateMachine      - Pop state: DialogSubState
09:11:03.644 [JavaFX Application Thread] DEBUG Input                - Clearing active input actions
09:11:03.644 [JavaFX Application Thread] DEBUG AppStateMachine      - PlayState <- DialogSubState
09:11:03.645 [JavaFX Application Thread] DEBUG GameApplication      - Exiting FXGL application
09:11:03.646 [JavaFX Application Thread] DEBUG FXGL                 - Saving FXGL system data
09:11:03.648 [JavaFX Application Thread] DEBUG IOTask               - Executing task: writeDataTask(system/fxgl.bundle)
09:11:03.651 [JavaFX Application Thread] DEBUG FS                   - Writing to: system\fxgl.bundle
09:11:03.657 [JavaFX Application Thread] DEBUG IOTask               - Task succeeded: writeDataTask(system/fxgl.bundle)
09:11:03.657 [JavaFX Application Thread] DEBUG GameApplication      - Closing FXGL logger and exiting JavaFX
